[debug] [2023-07-11T21:13:55.984Z] ----------------------------------------------------------------------
[debug] [2023-07-11T21:13:55.986Z] Command:       C:\Program Files\nodejs\node.exe C:\Users\Eli\AppData\Roaming\npm\node_modules\firebase-tools\lib\bin\firebase.js init hosting
[debug] [2023-07-11T21:13:55.987Z] CLI Version:   12.4.3
[debug] [2023-07-11T21:13:55.987Z] Platform:      win32
[debug] [2023-07-11T21:13:55.987Z] Node Version:  v18.15.0
[debug] [2023-07-11T21:13:55.988Z] Time:          Tue Jul 11 2023 15:13:55 GMT-0600 (Mountain Daylight Time)
[debug] [2023-07-11T21:13:55.988Z] ----------------------------------------------------------------------
[debug] 
[debug] [2023-07-11T21:13:56.068Z] > command requires scopes: ["email","openid","https://www.googleapis.com/auth/cloudplatformprojects.readonly","https://www.googleapis.com/auth/firebase","https://www.googleapis.com/auth/cloud-platform"]
[debug] [2023-07-11T21:13:56.069Z] > authorizing via signed-in user (elilaiono@gmail.com)
[info] 
     ######## #### ########  ######## ########     ###     ######  ########
     ##        ##  ##     ## ##       ##     ##  ##   ##  ##       ##
     ######    ##  ########  ######   ########  #########  ######  ######
     ##        ##  ##    ##  ##       ##     ## ##     ##       ## ##
     ##       #### ##     ## ######## ########  ##     ##  ######  ########

You're about to initialize a Firebase project in this directory:

  C:\Users\Eli\OneDrive\Documents\Senior Project\capstone-frontend

Before we get started, keep in mind:

  * You are initializing within an existing Firebase project directory

[info] 
=== Project Setup
[info] 
[info] First, let's associate this project directory with a Firebase project.
[info] You can create multiple project aliases by running firebase use --add, 
[info] but for now we'll just set up a default project.
[info] 
[debug] [2023-07-11T21:13:58.361Z] Using project from CLI flag: eli-capstone499
[debug] [2023-07-11T21:13:58.365Z] >>> [apiv2][query] GET https://firebase.googleapis.com/v1beta1/projects/eli-capstone499 [none]
[debug] [2023-07-11T21:13:58.610Z] <<< [apiv2][status] GET https://firebase.googleapis.com/v1beta1/projects/eli-capstone499 200
[debug] [2023-07-11T21:13:58.610Z] <<< [apiv2][body] GET https://firebase.googleapis.com/v1beta1/projects/eli-capstone499 {"projectId":"eli-capstone499","projectNumber":"596871813761","displayName":"eli-capstone499","name":"projects/eli-capstone499","resources":{"hostingSite":"eli-capstone499","storageBucket":"eli-capstone499.appspot.com","locationId":"us-central"},"state":"ACTIVE","etag":"1_bf934988-affc-4477-9870-0f9c16b11876"}
[info] i  Using project eli-capstone499 (eli-capstone499) 
[info] 
=== Hosting Setup
[info] 
[info] Your public directory is the folder (relative to your project directory) that
[info] will contain Hosting assets to be uploaded with firebase deploy. If you
[info] have a build process for your assets, use your build's output directory.
[info] 
[info] +  Wrote public/404.html 
[debug] [2023-07-11T21:14:27.048Z] >>> [apiv2][query] GET https://www.gstatic.com/firebasejs/releases.json [none]
[debug] [2023-07-11T21:14:27.160Z] <<< [apiv2][status] GET https://www.gstatic.com/firebasejs/releases.json 200
[debug] [2023-07-11T21:14:27.160Z] <<< [apiv2][body] GET https://www.gstatic.com/firebasejs/releases.json {"current":{"version":"10.0.0","browserURL":"https://www.gstatic.com/firebasejs/10.0.0/firebase.js","packageURL":"https://www.gstatic.com/firebasejs/10.0.0/firebase.tgz"},"live":{"version":"10.0","browserURL":"https://www.gstatic.com/firebasejs/live/10.0/firebase.js","packageURL":"https://www.gstatic.com/firebasejs/live/10.0/firebase.tgz"},"components":{"analytics":"https://www.gstatic.com/firebasejs/10.0.0/firebase-analytics.js","app":"https://www.gstatic.com/firebasejs/10.0.0/firebase-app.js","app-check":"https://www.gstatic.com/firebasejs/10.0.0/firebase-app-check.js","auth":"https://www.gstatic.com/firebasejs/10.0.0/firebase-auth.js","auth/cordova":"https://www.gstatic.com/firebasejs/10.0.0/firebase-auth/cordova.js","functions":"https://www.gstatic.com/firebasejs/10.0.0/firebase-functions.js","firestore":"https://www.gstatic.com/firebasejs/10.0.0/firebase-firestore.js","firestore/lite":"https://www.gstatic.com/firebasejs/10.0.0/firebase-firestore/lite.js","installations":"https://www.gstatic.com/firebasejs/10.0.0/firebase-installations.js","storage":"https://www.gstatic.com/firebasejs/10.0.0/firebase-storage.js","performance":"https://www.gstatic.com/firebasejs/10.0.0/firebase-performance.js","remote-config":"https://www.gstatic.com/firebasejs/10.0.0/firebase-remote-config.js","messaging":"https://www.gstatic.com/firebasejs/10.0.0/firebase-messaging.js","messaging/sw":"https://www.gstatic.com/firebasejs/10.0.0/firebase-messaging/sw.js","database":"https://www.gstatic.com/firebasejs/10.0.0/firebase-database.js","firestore.memory":"https://www.gstatic.com/firebasejs/10.0.0/firebase-firestore.memory.js"}}
[info] i  Skipping write of public/index.html 
[info] 
[info] i  Detected a .git folder at C:\Users\Eli\OneDrive\Documents\Senior Project\capstone-frontend 
[info] i  Authorizing with GitHub to upload your service account to a GitHub repository's secrets store. 
[info] 
[info] Visit this URL on this device to log in:
[info] https://github.com/login/oauth/authorize?client_id=89cf50f02ac6aaed3484&state=600118811&redirect_uri=http%3A%2F%2Flocalhost%3A9005&scope=read%3Auser%20repo%20public_repo
[info] 
[info] Waiting for authentication...
[debug] [2023-07-11T21:15:58.485Z] >>> [apiv2][query] POST https://github.com/login/oauth/access_token [none]
[debug] [2023-07-11T21:15:58.488Z] >>> [apiv2][body] POST https://github.com/login/oauth/access_token [stream]
[debug] [2023-07-11T21:15:58.874Z] <<< [apiv2][status] POST https://github.com/login/oauth/access_token 200
[debug] [2023-07-11T21:15:58.875Z] <<< [apiv2][body] POST https://github.com/login/oauth/access_token {"access_token":"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","token_type":"bearer","scope":"read:user,repo"}
[debug] [2023-07-11T21:15:58.958Z] >>> [apiv2][query] GET https://api.github.com/user [none]
[debug] [2023-07-11T21:15:59.355Z] <<< [apiv2][status] GET https://api.github.com/user 200
[debug] [2023-07-11T21:15:59.355Z] <<< [apiv2][body] GET https://api.github.com/user {"login":"elilaiono","id":64102521,"node_id":"MDQ6VXNlcjY0MTAyNTIx","avatar_url":"https://avatars.githubusercontent.com/u/64102521?v=4","gravatar_id":"","url":"https://api.github.com/users/elilaiono","html_url":"https://github.com/elilaiono","followers_url":"https://api.github.com/users/elilaiono/followers","following_url":"https://api.github.com/users/elilaiono/following{/other_user}","gists_url":"https://api.github.com/users/elilaiono/gists{/gist_id}","starred_url":"https://api.github.com/users/elilaiono/starred{/owner}{/repo}","subscriptions_url":"https://api.github.com/users/elilaiono/subscriptions","organizations_url":"https://api.github.com/users/elilaiono/orgs","repos_url":"https://api.github.com/users/elilaiono/repos","events_url":"https://api.github.com/users/elilaiono/events{/privacy}","received_events_url":"https://api.github.com/users/elilaiono/received_events","type":"User","site_admin":false,"name":null,"company":null,"blog":"","location":null,"email":null,"hireable":null,"bio":null,"twitter_username":null,"public_repos":20,"public_gists":0,"followers":1,"following":0,"created_at":"2020-04-21T19:37:49Z","updated_at":"2023-04-23T04:01:18Z","private_gists":0,"total_private_repos":1,"owned_private_repos":1,"disk_usage":57839,"collaborators":1,"two_factor_authentication":false,"plan":{"name":"free","space":976562499,"collaborators":0,"private_repos":10000}}
[info] 
[info] +  Success! Logged into GitHub as elilaiono 
[info] 
